{"C:\\Users\\fadhlaoui\\Documents\\coding games\\react-native-caching-mechanism\\src\\components\\DataLoading.tsx": {"path":"C:\\Users\\fadhlaoui\\Documents\\coding games\\react-native-caching-mechanism\\src\\components\\DataLoading.tsx","statementMap":{"0":{"start":{"line":6,"column":20},"end":{"line":14,"column":1}},"1":{"start":{"line":7,"column":2},"end":{"line":13,"column":4}},"2":{"start":{"line":16,"column":15},"end":{"line":21,"column":2}}},"fnMap":{"0":{"name":"(anonymous_0)","decl":{"start":{"line":6,"column":20},"end":{"line":6,"column":21}},"loc":{"start":{"line":6,"column":26},"end":{"line":14,"column":1}},"line":6}},"branchMap":{},"s":{"0":1,"1":1,"2":1},"f":{"0":1},"b":{},"_coverageSchema":"1a1c01bbd47fc00a2c39e90264f33305004495a9","hash":"edbcae06e548d40aaf16f6ba9a9be97fe754ad38"}
,"C:\\Users\\fadhlaoui\\Documents\\coding games\\react-native-caching-mechanism\\src\\components\\EmptyList.tsx": {"path":"C:\\Users\\fadhlaoui\\Documents\\coding games\\react-native-caching-mechanism\\src\\components\\EmptyList.tsx","statementMap":{"0":{"start":{"line":6,"column":18},"end":{"line":8,"column":1}},"1":{"start":{"line":7,"column":2},"end":{"line":7,"column":60}},"2":{"start":{"line":10,"column":15},"end":{"line":12,"column":2}}},"fnMap":{"0":{"name":"(anonymous_0)","decl":{"start":{"line":6,"column":18},"end":{"line":6,"column":19}},"loc":{"start":{"line":6,"column":24},"end":{"line":8,"column":1}},"line":6}},"branchMap":{},"s":{"0":1,"1":1,"2":1},"f":{"0":1},"b":{},"_coverageSchema":"1a1c01bbd47fc00a2c39e90264f33305004495a9","hash":"e03598444081cb96850f9fb0c26e8c7abb153ca4"}
,"C:\\Users\\fadhlaoui\\Documents\\coding games\\react-native-caching-mechanism\\src\\components\\Item.tsx": {"path":"C:\\Users\\fadhlaoui\\Documents\\coding games\\react-native-caching-mechanism\\src\\components\\Item.tsx","statementMap":{"0":{"start":{"line":6,"column":13},"end":{"line":16,"column":1}},"1":{"start":{"line":7,"column":2},"end":{"line":15,"column":4}}},"fnMap":{"0":{"name":"(anonymous_0)","decl":{"start":{"line":6,"column":13},"end":{"line":6,"column":14}},"loc":{"start":{"line":6,"column":38},"end":{"line":16,"column":1}},"line":6}},"branchMap":{},"s":{"0":1,"1":1},"f":{"0":1},"b":{},"_coverageSchema":"1a1c01bbd47fc00a2c39e90264f33305004495a9","hash":"74a791c59270f3aab915af80d4ef0031835da9c2"}
,"C:\\Users\\fadhlaoui\\Documents\\coding games\\react-native-caching-mechanism\\src\\components\\SvgCircle.tsx": {"path":"C:\\Users\\fadhlaoui\\Documents\\coding games\\react-native-caching-mechanism\\src\\components\\SvgCircle.tsx","statementMap":{"0":{"start":{"line":5,"column":18},"end":{"line":33,"column":1}},"1":{"start":{"line":6,"column":16},"end":{"line":6,"column":19}},"2":{"start":{"line":7,"column":17},"end":{"line":7,"column":20}},"3":{"start":{"line":8,"column":15},"end":{"line":8,"column":56}},"4":{"start":{"line":9,"column":22},"end":{"line":9,"column":24}},"5":{"start":{"line":10,"column":17},"end":{"line":10,"column":41}},"6":{"start":{"line":11,"column":24},"end":{"line":11,"column":44}},"7":{"start":{"line":12,"column":2},"end":{"line":32,"column":4}}},"fnMap":{"0":{"name":"(anonymous_0)","decl":{"start":{"line":5,"column":18},"end":{"line":5,"column":19}},"loc":{"start":{"line":5,"column":50},"end":{"line":33,"column":1}},"line":5}},"branchMap":{"0":{"loc":{"start":{"line":8,"column":15},"end":{"line":8,"column":56}},"type":"cond-expr","locations":[{"start":{"line":8,"column":32},"end":{"line":8,"column":42}},{"start":{"line":8,"column":45},"end":{"line":8,"column":56}}],"line":8}},"s":{"0":1,"1":1,"2":1,"3":1,"4":1,"5":1,"6":1,"7":1},"f":{"0":1},"b":{"0":[0,1]},"_coverageSchema":"1a1c01bbd47fc00a2c39e90264f33305004495a9","hash":"33b7810b2d232340cf951600a68092de7e86c54f"}
,"C:\\Users\\fadhlaoui\\Documents\\coding games\\react-native-caching-mechanism\\src\\components\\Table.tsx": {"path":"C:\\Users\\fadhlaoui\\Documents\\coding games\\react-native-caching-mechanism\\src\\components\\Table.tsx","statementMap":{"0":{"start":{"line":11,"column":14},"end":{"line":76,"column":1}},"1":{"start":{"line":21,"column":54},"end":{"line":23,"column":3}},"2":{"start":{"line":24,"column":60},"end":{"line":26,"column":3}},"3":{"start":{"line":28,"column":2},"end":{"line":30,"column":31}},"4":{"start":{"line":29,"column":4},"end":{"line":29,"column":54}},"5":{"start":{"line":32,"column":26},"end":{"line":36,"column":3}},"6":{"start":{"line":33,"column":26},"end":{"line":33,"column":65}},"7":{"start":{"line":34,"column":4},"end":{"line":34,"column":45}},"8":{"start":{"line":35,"column":4},"end":{"line":35,"column":41}},"9":{"start":{"line":37,"column":29},"end":{"line":41,"column":3}},"10":{"start":{"line":38,"column":26},"end":{"line":38,"column":68}},"11":{"start":{"line":39,"column":4},"end":{"line":39,"column":48}},"12":{"start":{"line":40,"column":4},"end":{"line":40,"column":44}},"13":{"start":{"line":43,"column":2},"end":{"line":75,"column":4}},"14":{"start":{"line":51,"column":12},"end":{"line":51,"column":57}},"15":{"start":{"line":51,"column":27},"end":{"line":51,"column":57}},"16":{"start":{"line":52,"column":12},"end":{"line":52,"column":30}},"17":{"start":{"line":60,"column":12},"end":{"line":60,"column":66}},"18":{"start":{"line":60,"column":30},"end":{"line":60,"column":66}},"19":{"start":{"line":61,"column":12},"end":{"line":61,"column":33}},"20":{"start":{"line":70,"column":8},"end":{"line":70,"column":72}}},"fnMap":{"0":{"name":"(anonymous_0)","decl":{"start":{"line":11,"column":14},"end":{"line":11,"column":15}},"loc":{"start":{"line":20,"column":6},"end":{"line":76,"column":1}},"line":20},"1":{"name":"(anonymous_1)","decl":{"start":{"line":28,"column":12},"end":{"line":28,"column":13}},"loc":{"start":{"line":28,"column":18},"end":{"line":30,"column":3}},"line":28},"2":{"name":"(anonymous_2)","decl":{"start":{"line":32,"column":26},"end":{"line":32,"column":27}},"loc":{"start":{"line":32,"column":32},"end":{"line":36,"column":3}},"line":32},"3":{"name":"(anonymous_3)","decl":{"start":{"line":37,"column":29},"end":{"line":37,"column":30}},"loc":{"start":{"line":37,"column":35},"end":{"line":41,"column":3}},"line":37},"4":{"name":"(anonymous_4)","decl":{"start":{"line":50,"column":19},"end":{"line":50,"column":20}},"loc":{"start":{"line":50,"column":25},"end":{"line":53,"column":11}},"line":50},"5":{"name":"(anonymous_5)","decl":{"start":{"line":59,"column":19},"end":{"line":59,"column":20}},"loc":{"start":{"line":59,"column":25},"end":{"line":62,"column":11}},"line":59},"6":{"name":"(anonymous_6)","decl":{"start":{"line":69,"column":16},"end":{"line":69,"column":17}},"loc":{"start":{"line":70,"column":8},"end":{"line":70,"column":72}},"line":70}},"branchMap":{"0":{"loc":{"start":{"line":15,"column":2},"end":{"line":15,"column":31}},"type":"default-arg","locations":[{"start":{"line":15,"column":27},"end":{"line":15,"column":31}}],"line":15},"1":{"loc":{"start":{"line":16,"column":2},"end":{"line":16,"column":34}},"type":"default-arg","locations":[{"start":{"line":16,"column":30},"end":{"line":16,"column":34}}],"line":16},"2":{"loc":{"start":{"line":17,"column":2},"end":{"line":17,"column":18}},"type":"default-arg","locations":[{"start":{"line":17,"column":14},"end":{"line":17,"column":18}}],"line":17},"3":{"loc":{"start":{"line":18,"column":2},"end":{"line":18,"column":21}},"type":"default-arg","locations":[{"start":{"line":18,"column":17},"end":{"line":18,"column":21}}],"line":18},"4":{"loc":{"start":{"line":19,"column":2},"end":{"line":19,"column":18}},"type":"default-arg","locations":[{"start":{"line":19,"column":14},"end":{"line":19,"column":18}}],"line":19},"5":{"loc":{"start":{"line":33,"column":26},"end":{"line":33,"column":65}},"type":"cond-expr","locations":[{"start":{"line":33,"column":55},"end":{"line":33,"column":59}},{"start":{"line":33,"column":62},"end":{"line":33,"column":65}}],"line":33},"6":{"loc":{"start":{"line":38,"column":26},"end":{"line":38,"column":68}},"type":"cond-expr","locations":[{"start":{"line":38,"column":58},"end":{"line":38,"column":62}},{"start":{"line":38,"column":65},"end":{"line":38,"column":68}}],"line":38},"7":{"loc":{"start":{"line":43,"column":9},"end":{"line":75,"column":3}},"type":"cond-expr","locations":[{"start":{"line":44,"column":4},"end":{"line":44,"column":19}},{"start":{"line":45,"column":6},"end":{"line":75,"column":3}}],"line":43},"8":{"loc":{"start":{"line":43,"column":9},"end":{"line":43,"column":60}},"type":"binary-expr","locations":[{"start":{"line":43,"column":9},"end":{"line":43,"column":27}},{"start":{"line":43,"column":31},"end":{"line":43,"column":40}},{"start":{"line":43,"column":44},"end":{"line":43,"column":60}}],"line":43},"9":{"loc":{"start":{"line":45,"column":6},"end":{"line":75,"column":3}},"type":"cond-expr","locations":[{"start":{"line":46,"column":4},"end":{"line":72,"column":16}},{"start":{"line":74,"column":4},"end":{"line":74,"column":17}}],"line":45},"10":{"loc":{"start":{"line":51,"column":12},"end":{"line":51,"column":57}},"type":"if","locations":[{"start":{"line":51,"column":12},"end":{"line":51,"column":57}},{"start":{"line":51,"column":12},"end":{"line":51,"column":57}}],"line":51},"11":{"loc":{"start":{"line":60,"column":12},"end":{"line":60,"column":66}},"type":"if","locations":[{"start":{"line":60,"column":12},"end":{"line":60,"column":66}},{"start":{"line":60,"column":12},"end":{"line":60,"column":66}}],"line":60}},"s":{"0":0,"1":0,"2":0,"3":0,"4":0,"5":0,"6":0,"7":0,"8":0,"9":0,"10":0,"11":0,"12":0,"13":0,"14":0,"15":0,"16":0,"17":0,"18":0,"19":0,"20":0},"f":{"0":0,"1":0,"2":0,"3":0,"4":0,"5":0,"6":0},"b":{"0":[0],"1":[0],"2":[0],"3":[0],"4":[0],"5":[0,0],"6":[0,0],"7":[0,0],"8":[0,0,0],"9":[0,0],"10":[0,0],"11":[0,0]}}
,"C:\\Users\\fadhlaoui\\Documents\\coding games\\react-native-caching-mechanism\\src\\navigation\\RootNavigator.tsx": {"path":"C:\\Users\\fadhlaoui\\Documents\\coding games\\react-native-caching-mechanism\\src\\navigation\\RootNavigator.tsx","statementMap":{"0":{"start":{"line":8,"column":14},"end":{"line":8,"column":36}},"1":{"start":{"line":10,"column":22},"end":{"line":31,"column":1}},"2":{"start":{"line":11,"column":2},"end":{"line":30,"column":4}},"3":{"start":{"line":33,"column":15},"end":{"line":41,"column":2}}},"fnMap":{"0":{"name":"(anonymous_0)","decl":{"start":{"line":10,"column":22},"end":{"line":10,"column":23}},"loc":{"start":{"line":10,"column":28},"end":{"line":31,"column":1}},"line":10}},"branchMap":{},"s":{"0":0,"1":0,"2":0,"3":0},"f":{"0":0},"b":{}}
,"C:\\Users\\fadhlaoui\\Documents\\coding games\\react-native-caching-mechanism\\src\\screens\\Dashboard.tsx": {"path":"C:\\Users\\fadhlaoui\\Documents\\coding games\\react-native-caching-mechanism\\src\\screens\\Dashboard.tsx","statementMap":{"0":{"start":{"line":13,"column":17},"end":{"line":13,"column":27}},"1":{"start":{"line":14,"column":16},"end":{"line":14,"column":25}},"2":{"start":{"line":21,"column":32},"end":{"line":24,"column":1}},"3":{"start":{"line":27,"column":2},"end":{"line":38,"column":3}},"4":{"start":{"line":29,"column":6},"end":{"line":29,"column":26}},"5":{"start":{"line":31,"column":6},"end":{"line":35,"column":8}},"6":{"start":{"line":37,"column":6},"end":{"line":37,"column":19}},"7":{"start":{"line":41,"column":18},"end":{"line":125,"column":1}},"8":{"start":{"line":42,"column":28},"end":{"line":42,"column":61}},"9":{"start":{"line":43,"column":26},"end":{"line":43,"column":42}},"10":{"start":{"line":45,"column":21},"end":{"line":57,"column":3}},"11":{"start":{"line":46,"column":4},"end":{"line":46,"column":33}},"12":{"start":{"line":47,"column":4},"end":{"line":56,"column":13}},"13":{"start":{"line":48,"column":6},"end":{"line":55,"column":11}},"14":{"start":{"line":50,"column":10},"end":{"line":50,"column":63}},"15":{"start":{"line":51,"column":10},"end":{"line":51,"column":28}},"16":{"start":{"line":54,"column":10},"end":{"line":54,"column":31}},"17":{"start":{"line":59,"column":20},"end":{"line":69,"column":3}},"18":{"start":{"line":60,"column":4},"end":{"line":60,"column":22}},"19":{"start":{"line":62,"column":4},"end":{"line":68,"column":5}},"20":{"start":{"line":63,"column":6},"end":{"line":63,"column":19}},"21":{"start":{"line":64,"column":6},"end":{"line":64,"column":18}},"22":{"start":{"line":67,"column":6},"end":{"line":67,"column":23}},"23":{"start":{"line":71,"column":2},"end":{"line":80,"column":9}},"24":{"start":{"line":72,"column":4},"end":{"line":79,"column":9}},"25":{"start":{"line":74,"column":8},"end":{"line":74,"column":22}},"26":{"start":{"line":75,"column":8},"end":{"line":75,"column":24}},"27":{"start":{"line":78,"column":8},"end":{"line":78,"column":20}},"28":{"start":{"line":82,"column":22},"end":{"line":84,"column":3}},"29":{"start":{"line":83,"column":4},"end":{"line":83,"column":20}},"30":{"start":{"line":88,"column":21},"end":{"line":92,"column":3}},"31":{"start":{"line":89,"column":4},"end":{"line":91,"column":7}},"32":{"start":{"line":90,"column":6},"end":{"line":90,"column":33}},"33":{"start":{"line":94,"column":25},"end":{"line":98,"column":3}},"34":{"start":{"line":95,"column":4},"end":{"line":97,"column":7}},"35":{"start":{"line":96,"column":6},"end":{"line":96,"column":59}},"36":{"start":{"line":100,"column":20},"end":{"line":105,"column":3}},"37":{"start":{"line":101,"column":24},"end":{"line":101,"column":34}},"38":{"start":{"line":102,"column":4},"end":{"line":104,"column":7}},"39":{"start":{"line":103,"column":6},"end":{"line":103,"column":27}},"40":{"start":{"line":107,"column":2},"end":{"line":124,"column":4}},"41":{"start":{"line":126,"column":15},"end":{"line":134,"column":2}}},"fnMap":{"0":{"name":"reducer","decl":{"start":{"line":26,"column":9},"end":{"line":26,"column":16}},"loc":{"start":{"line":26,"column":32},"end":{"line":39,"column":1}},"line":26},"1":{"name":"(anonymous_1)","decl":{"start":{"line":41,"column":18},"end":{"line":41,"column":19}},"loc":{"start":{"line":41,"column":24},"end":{"line":125,"column":1}},"line":41},"2":{"name":"(anonymous_2)","decl":{"start":{"line":45,"column":21},"end":{"line":45,"column":22}},"loc":{"start":{"line":45,"column":27},"end":{"line":57,"column":3}},"line":45},"3":{"name":"(anonymous_3)","decl":{"start":{"line":47,"column":15},"end":{"line":47,"column":16}},"loc":{"start":{"line":47,"column":21},"end":{"line":56,"column":5}},"line":47},"4":{"name":"(anonymous_4)","decl":{"start":{"line":49,"column":14},"end":{"line":49,"column":15}},"loc":{"start":{"line":49,"column":33},"end":{"line":52,"column":9}},"line":49},"5":{"name":"(anonymous_5)","decl":{"start":{"line":53,"column":15},"end":{"line":53,"column":16}},"loc":{"start":{"line":53,"column":26},"end":{"line":55,"column":9}},"line":53},"6":{"name":"(anonymous_6)","decl":{"start":{"line":59,"column":20},"end":{"line":59,"column":21}},"loc":{"start":{"line":59,"column":43},"end":{"line":69,"column":3}},"line":59},"7":{"name":"(anonymous_7)","decl":{"start":{"line":71,"column":12},"end":{"line":71,"column":13}},"loc":{"start":{"line":71,"column":18},"end":{"line":80,"column":3}},"line":71},"8":{"name":"(anonymous_8)","decl":{"start":{"line":73,"column":12},"end":{"line":73,"column":13}},"loc":{"start":{"line":73,"column":22},"end":{"line":76,"column":7}},"line":73},"9":{"name":"(anonymous_9)","decl":{"start":{"line":77,"column":13},"end":{"line":77,"column":14}},"loc":{"start":{"line":77,"column":20},"end":{"line":79,"column":7}},"line":77},"10":{"name":"(anonymous_10)","decl":{"start":{"line":82,"column":22},"end":{"line":82,"column":23}},"loc":{"start":{"line":82,"column":28},"end":{"line":84,"column":3}},"line":82},"11":{"name":"(anonymous_11)","decl":{"start":{"line":88,"column":21},"end":{"line":88,"column":22}},"loc":{"start":{"line":88,"column":32},"end":{"line":92,"column":3}},"line":88},"12":{"name":"(anonymous_12)","decl":{"start":{"line":89,"column":35},"end":{"line":89,"column":36}},"loc":{"start":{"line":89,"column":41},"end":{"line":91,"column":5}},"line":89},"13":{"name":"(anonymous_13)","decl":{"start":{"line":94,"column":25},"end":{"line":94,"column":26}},"loc":{"start":{"line":94,"column":31},"end":{"line":98,"column":3}},"line":94},"14":{"name":"(anonymous_14)","decl":{"start":{"line":95,"column":26},"end":{"line":95,"column":27}},"loc":{"start":{"line":95,"column":37},"end":{"line":97,"column":5}},"line":95},"15":{"name":"(anonymous_15)","decl":{"start":{"line":100,"column":20},"end":{"line":100,"column":21}},"loc":{"start":{"line":100,"column":26},"end":{"line":105,"column":3}},"line":100},"16":{"name":"(anonymous_16)","decl":{"start":{"line":102,"column":40},"end":{"line":102,"column":41}},"loc":{"start":{"line":102,"column":46},"end":{"line":104,"column":5}},"line":102}},"branchMap":{"0":{"loc":{"start":{"line":27,"column":2},"end":{"line":38,"column":3}},"type":"switch","locations":[{"start":{"line":28,"column":4},"end":{"line":29,"column":26}},{"start":{"line":30,"column":4},"end":{"line":35,"column":8}},{"start":{"line":36,"column":4},"end":{"line":37,"column":19}}],"line":27},"1":{"loc":{"start":{"line":59,"column":21},"end":{"line":59,"column":38}},"type":"default-arg","locations":[{"start":{"line":59,"column":34},"end":{"line":59,"column":38}}],"line":59},"2":{"loc":{"start":{"line":62,"column":4},"end":{"line":68,"column":5}},"type":"if","locations":[{"start":{"line":62,"column":4},"end":{"line":68,"column":5}},{"start":{"line":62,"column":4},"end":{"line":68,"column":5}}],"line":62},"3":{"loc":{"start":{"line":62,"column":8},"end":{"line":62,"column":55}},"type":"binary-expr","locations":[{"start":{"line":62,"column":8},"end":{"line":62,"column":13}},{"start":{"line":62,"column":17},"end":{"line":62,"column":55}}],"line":62}},"s":{"0":0,"1":0,"2":0,"3":0,"4":0,"5":0,"6":0,"7":0,"8":0,"9":0,"10":0,"11":0,"12":0,"13":0,"14":0,"15":0,"16":0,"17":0,"18":0,"19":0,"20":0,"21":0,"22":0,"23":0,"24":0,"25":0,"26":0,"27":0,"28":0,"29":0,"30":0,"31":0,"32":0,"33":0,"34":0,"35":0,"36":0,"37":0,"38":0,"39":0,"40":0,"41":0},"f":{"0":0,"1":0,"2":0,"3":0,"4":0,"5":0,"6":0,"7":0,"8":0,"9":0,"10":0,"11":0,"12":0,"13":0,"14":0,"15":0,"16":0},"b":{"0":[0,0,0],"1":[0],"2":[0,0],"3":[0,0]}}
}
